{
  "RSpec": {
    "coverage": {
      "/Users/francescachater/Projects/Makers/tech_week/bank/spec/bank_spec.rb": [
        null,
        null,
        1,
        1,
        1,
        1,
        1,
        null,
        1,
        null,
        1,
        1,
        null,
        null,
        null,
        null,
        null,
        null,
        null,
        null,
        null,
        null,
        null,
        null,
        null,
        null,
        null,
        null,
        null,
        null,
        null,
        null,
        null,
        null,
        null,
        null,
        null,
        null,
        null,
        null,
        null,
        null,
        null,
        null,
        null,
        null,
        null,
        null,
        null,
        null,
        null,
        null,
        null,
        null,
        null,
        null,
        null,
        null,
        null,
        null,
        null,
        null,
        null,
        null,
        null,
        null,
        null,
        null,
        null,
        null,
        null,
        null,
        null,
        null
      ],
      "/Users/francescachater/Projects/Makers/tech_week/bank/spec/spec_helpers.rb": [
        null,
        null,
        1,
        0,
        0,
        0,
        null,
        null,
        1,
        0,
        null
      ],
      "/Users/francescachater/Projects/Makers/tech_week/bank/spec/statement_spec.rb": [

      ],
      "/Users/francescachater/Projects/Makers/tech_week/bank/spec/transaction_spec.rb": [
        null,
        null,
        1,
        1,
        null,
        1,
        1,
        null,
        1,
        0,
        null,
        null,
        null,
        null,
        null,
        null,
        null,
        null,
        null,
        null,
        null,
        null
      ]
    },
    "timestamp": 1562103047
  }
}
